[0mPOST /api/v1/usuario [32m200 [0m14.372 ms - 3304[0m
[0mGET / [36m304 [0m4.418 ms - -[0m
[0mGET /public/bower_components/bootstrap/dist/css/bootstrap.min.css [32m200 [0m3.299 ms - 3304[0m
[0mGET /styles/main.css [36m304 [0m2.817 ms - -[0m
[0mGET /public/bower_components/font-awesome/css/font-awesome.min.css [32m200 [0m5.891 ms - 3304[0m
[0mGET /public/bower_components/jquery/dist/jquery.min.js [32m200 [0m6.387 ms - 3304[0m
[0mGET /public/bower_components/bootstrap/dist/js/bootstrap.min.js [32m200 [0m2.509 ms - 3304[0m
[0mGET /public/bower_components/angular/angular.min.js [32m200 [0m2.237 ms - 3304[0m
[0mGET /public/app/images/logo.jpg [32m200 [0m2.805 ms - 3304[0m
[0mGET /public/app/scripts/app.js [32m200 [0m3.624 ms - 3304[0m
[0mGET /public/app/scripts/controllers/main.js [32m200 [0m3.659 ms - 3304[0m
[0mGET /images/logo.jpg [36m304 [0m0.315 ms - -[0m
[0mGET / [36m304 [0m9.354 ms - -[0m
[0mGET /styles/main.css [36m304 [0m3.618 ms - -[0m
[0mGET /public/bower_components/bootstrap/dist/css/bootstrap.min.css [32m200 [0m17.902 ms - 121200[0m
[0mGET /public/bower_components/font-awesome/css/font-awesome.min.css [32m200 [0m17.098 ms - 31000[0m
[0mGET /public/bower_components/bootstrap/dist/js/bootstrap.min.js [32m200 [0m6.042 ms - 37045[0m
[0mGET /public/app/scripts/app.js [32m200 [0m8.341 ms - 222[0m
[0mGET /public/bower_components/font-awesome/fonts/fontawesome-webfont.woff2?v=4.7.0 [36m304 [0m47.900 ms - -[0m
[0mGET /public/bower_components/bootstrap/dist/css/bootstrap.min.css.map [36m304 [0m11.408 ms - -[0m
[0mGET /public/bower_components/jquery/dist/jquery.min.js [32m200 [0m89.603 ms - 86659[0m
[0mGET /public/app/scripts/controllers/main.js [32m200 [0m134.648 ms - 310[0m
[0mGET /public/app/images/logo.jpg [32m200 [0m137.325 ms - 21207[0m
[0mGET /public/bower_components/angular/angular.min.js [32m200 [0m137.276 ms - 168517[0m
[0mGET /public/bower_components/angular/angular.min.js.map [36m304 [0m0.499 ms - -[0m
[0mGET /images/logo.jpg [36m304 [0m0.400 ms - -[0m
[0mPOST /api/v1/usuario [32m200 [0m1.990 ms - 3304[0m
[0mGET / [36m304 [0m11.442 ms - -[0m
[0mGET /public/bower_components/bootstrap/dist/css/bootstrap.min.css [36m304 [0m5.809 ms - -[0m
[0mGET /public/bower_components/font-awesome/css/font-awesome.min.css [36m304 [0m3.525 ms - -[0m
[0mGET /styles/main.css [36m304 [0m2.833 ms - -[0m
[0mGET /public/bower_components/jquery/dist/jquery.min.js [36m304 [0m11.315 ms - -[0m
[0mGET /public/bower_components/bootstrap/dist/js/bootstrap.min.js [36m304 [0m1.044 ms - -[0m
[0mGET /public/bower_components/angular/angular.min.js [36m304 [0m1.476 ms - -[0m
[0mGET /public/app/scripts/app.js [36m304 [0m3.842 ms - -[0m
[0mGET /public/bower_components/font-awesome/fonts/fontawesome-webfont.woff2?v=4.7.0 [36m304 [0m1.059 ms - -[0m
[0mGET /public/app/scripts/controllers/main.js [36m304 [0m4.709 ms - -[0m
[0mGET /public/app/images/logo.jpg [36m304 [0m0.660 ms - -[0m
[0mGET /public/bower_components/bootstrap/dist/css/bootstrap.min.css.map [36m304 [0m0.601 ms - -[0m
[0mGET /public/bower_components/angular/angular.min.js.map [36m304 [0m0.451 ms - -[0m
[0mGET /images/logo.jpg [36m304 [0m0.522 ms - -[0m
[0mPOST /api/v1/usuario [31m500 [0m9.084 ms - 2049[0m
[0mPOST /api/v1/usuario [31m500 [0m1.636 ms - 2049[0m
[0mPOST /api/v1/usuario [0m- [0m- ms - -[0m
[0mPOST /api/v1/usuario/ [0m- [0m- ms - -[0m
[0mPOST /api/v1/usuario/ [0m- [0m- ms - -[0m
[0mPOST /api/v1/usuario/ [0m- [0m- ms - -[0m
[0mPOST /api/v1/usuario/ [0m- [0m- ms - -[0m
[0mPOST /api/v1/usuario/ [0m- [0m- ms - -[0m
[0mPOST /usuario/ [32m200 [0m10.306 ms - 3304[0m
[0mPOST /usuario/ [32m200 [0m10.747 ms - 3304[0m
[0mPOST /api/v1/usuario [0m- [0m- ms - -[0m
[0mGET / [36m304 [0m9.722 ms - -[0m
[0mGET /styles/main.css [36m304 [0m2.894 ms - -[0m
[0mGET /images/logo.jpg [36m304 [0m1.351 ms - -[0m
[0mPOST /api/v1/usuario [0m- [0m- ms - -[0m
[0mPOST /api/v1/usuario [32m200 [0m11.376 ms - 3304[0m
[0mPOST /api/v1/usuario [32m200 [0m8.495 ms - 3304[0m
[0mPOST /api/v1/usuario [0m- [0m- ms - -[0m
[0mGET /api/v1/usuario [32m200 [0m6.005 ms - 16[0m
[0mPOST /api/v1/usuario [0m- [0m- ms - -[0m
[0mPOST /api/v1/usuario [0m- [0m- ms - -[0m
[0mPOST /api/v1/usuario [32m200 [0m62.566 ms - 16[0m
[0mPOST /api/v1/usuario [32m200 [0m309.657 ms - 55[0m
[0mPOST /api/v1/usuario [32m200 [0m300.759 ms - 55[0m
[0mPOST /api/v1/usuario [32m200 [0m297.285 ms - 16[0m
[0mPOST /api/v1/usuario [32m200 [0m284.105 ms - 55[0m
[0mPOST /api/v1/usuario [32m200 [0m293.285 ms - 55[0m
[0mPOST /api/v1/login [31m500 [0m26.165 ms - 2044[0m
[0mPOST /api/v1/login [32m200 [0m49.435 ms - 51[0m
[0mPOST /api/v1/login [32m200 [0m287.856 ms - 35[0m
[0mPOST /api/v1/login [32m200 [0m226.356 ms - 51[0m
[0mPOST /api/v1/login [32m200 [0m4.070 ms - 46[0m
